c:\users\bytar\source\repos\209.5-magazyn\warehouseproject\warehouseproject\debug\vc143.pdb
c:\users\bytar\source\repos\209.5-magazyn\warehouseproject\warehouseproject\debug\vc143.idb
c:\users\bytar\source\repos\209.5-magazyn\warehouseproject\warehouseproject\debug\warehousemain.obj
c:\users\bytar\source\repos\209.5-magazyn\warehouseproject\warehouseproject\debug\warehouse.obj
c:\users\bytar\source\repos\209.5-magazyn\warehouseproject\warehouseproject\debug\shelving.obj
c:\users\bytar\source\repos\209.5-magazyn\warehouseproject\warehouseproject\debug\product.obj
c:\users\bytar\source\repos\209.5-magazyn\warehouseproject\warehouseproject\debug\employee.obj
c:\users\bytar\source\repos\209.5-magazyn\warehouseproject\warehouseproject\debug\box.obj
c:\users\bytar\source\repos\209.5-magazyn\warehouseproject\warehouseproject\debug\area.obj
c:\users\bytar\source\repos\209.5-magazyn\warehouseproject\warehouseproject\debug\storagespace.obj
c:\users\bytar\source\repos\209.5-magazyn\warehouseproject\debug\warehouseproject.exe
c:\users\bytar\source\repos\209.5-magazyn\warehouseproject\debug\warehouseproject.pdb
c:\users\bytar\source\repos\209.5-magazyn\warehouseproject\warehouseproject\debug\warehouseproject.ilk
c:\users\bytar\source\repos\209.5-magazyn\warehouseproject\warehouseproject\debug\warehouseproject.tlog\cl.command.1.tlog
c:\users\bytar\source\repos\209.5-magazyn\warehouseproject\warehouseproject\debug\warehouseproject.tlog\cl.items.tlog
c:\users\bytar\source\repos\209.5-magazyn\warehouseproject\warehouseproject\debug\warehouseproject.tlog\cl.read.1.tlog
c:\users\bytar\source\repos\209.5-magazyn\warehouseproject\warehouseproject\debug\warehouseproject.tlog\cl.write.1.tlog
c:\users\bytar\source\repos\209.5-magazyn\warehouseproject\warehouseproject\debug\warehouseproject.tlog\link.command.1.tlog
c:\users\bytar\source\repos\209.5-magazyn\warehouseproject\warehouseproject\debug\warehouseproject.tlog\link.read.1.tlog
c:\users\bytar\source\repos\209.5-magazyn\warehouseproject\warehouseproject\debug\warehouseproject.tlog\link.secondary.1.tlog
c:\users\bytar\source\repos\209.5-magazyn\warehouseproject\warehouseproject\debug\warehouseproject.tlog\link.write.1.tlog
